<?xml version="1.0" encoding="UTF-8"?>
<!-- Generated by org.testng.reporters.JUnitXMLReporter -->
<testsuite ignored="0" hostname="LAPTOP-V3TP8MRN" failures="0" tests="4" name="Test" time="0.046" errors="0" timestamp="2022-08-15T07:37:33 PDT">
  <testcase classname="test_1.test6" name="test_A" time="0.014"/>
  <testcase classname="test_1.test6" name="test_B" time="0.001"/>
  <testcase classname="test_1.test6" name="test_C" time="0.001"/>
  <testcase classname="test_1.test6" name="test_D" time="0.001"/>
</testsuite> <!-- Test -->
