<?xml version="1.0" encoding="UTF-8"?>
<!-- Generated by org.testng.reporters.JUnitXMLReporter -->
<testsuite ignored="3" hostname="LAPTOP-V3TP8MRN" failures="0" tests="1" name="Test1" time="6.364" errors="0" timestamp="2022-08-15T23:28:40 PDT">
  <testcase classname="test_2.p2" name="test_3" time="0.02"/>
  <testcase classname="test_2.p2" name="test_1" time="0.0">
    <ignored/>
  </testcase> <!-- test_1 -->
  <testcase classname="test_2.p2" name="test_2" time="0.0">
    <ignored/>
  </testcase> <!-- test_2 -->
  <testcase classname="test_2.p2" name="test_4" time="0.0">
    <ignored/>
  </testcase> <!-- test_4 -->
</testsuite> <!-- Test1 -->
