<?xml version="1.0" encoding="UTF-8"?>
<!-- Generated by org.testng.reporters.JUnitXMLReporter -->
<testsuite ignored="1" hostname="LAPTOP-V3TP8MRN" failures="0" tests="3" name="Test2" time="23.426" errors="0" timestamp="2022-08-15T23:29:04 PDT">
  <testcase classname="test_2.p2" name="test_1" time="0.001"/>
  <testcase classname="test_2.p2" name="test_2" time="0.002"/>
  <testcase classname="test_2.p2" name="test_3" time="0.002"/>
  <testcase classname="test_2.p2" name="test_4" time="0.0">
    <ignored/>
  </testcase> <!-- test_4 -->
</testsuite> <!-- Test2 -->
